
Configuration (config.json):
{
    "cluster_config": {
        "cluster_eps": 0.07,
        "cluster_min_samples": 3
    },
    "experiment_description": "From 0.7 to 0.45",
    "experiment_name": "Experiment_4",
    "hyperparams": {
        "lambda_": {
            "cluster_max": 25,
            "cluster_min": 3,
            "is_ramp_up": false,
            "is_variable": false,
            "static_value": 0.2,
            "val_max": 0.3,
            "val_min": 0.1
        },
        "match_thresh": {
            "cluster_max": 25,
            "cluster_min": 3,
            "is_ramp_up": false,
            "is_variable": true,
            "static_value": 0.65,
            "val_max": 0.7,
            "val_min": 0.45
        },
        "proximity_thresh": {
            "cluster_max": 25,
            "cluster_min": 3,
            "is_ramp_up": false,
            "is_variable": false,
            "static_value": 0.1,
            "val_max": 0.2,
            "val_min": 0.05
        },
        "second_match_thresh": {
            "cluster_max": 25,
            "cluster_min": 3,
            "is_ramp_up": false,
            "is_variable": false,
            "static_value": 0.19,
            "val_max": 0.22,
            "val_min": 0.12
        }
    }
}

Status: better
0    73.240
1    73.231
2     0.009
Name: MOTA, dtype: float64
